2025-06-23 09:41:53Z: Code generated. Generator: CSharpDataModelsGenerator v20.00.00
2025-06-23 09:43:57Z: Code generated. Generator: CSharpCustomModelsGenerator v20.00.00
2025-06-23 11:11:30Z: Code generated. Generator: CSharpCustomModelsGenerator v20.00.00
2025-06-23 11:12:23Z: Code generated. Generator: CSharpDataModelsGenerator v20.00.00
2025-07-11 15:58:27Z: Code generated. Generator: CSharpDataModelsGenerator v20.00.03
2025-08-25 06:04:04Z: Code generated. Generator: RazorViewsGenerator v20.00.04
2025-09-15 20:09:13Z: Code generated. Generator: CSharpDataModelsGenerator v20.00.07
2025-12-08 19:46:03Z: Code generated. Generator: CSharpDataModelsGenerator v20.00.09
2025-12-11 12:29:15Z: Code generated. Generator: CSharpDataModelsGenerator v20.00.09
2025-12-11 12:37:47Z: Code generated. Generator: CSharpDataModelsGenerator v20.00.09 FileGeneratorSpecs { AppId = 1807, Edition = , DateTime = 12/11/2025 12:37:47 PM, Namespace = AppCode.Test.Data, TargetPath = AppCode/Test/Data, ContentTypes = System.Collections.Generic.List`1[System.String] }
2025-12-11 12:52:36Z: Code generated. Generator: CSharpDataModelsGenerator v20.00.09 FileGeneratorSpecs { AppId = 1807, Edition = , DateTime = 12/11/2025 12:52:36 PM, Namespace = AppCode.Test.Data, TargetPath = AppCode/Test/Data, ContentTypes = System.Collections.Generic.List`1[System.String] }
2025-12-11 12:53:01Z: Code generated. Generator: CSharpDataModelsGenerator v20.00.09 FileGeneratorSpecs { AppId = 1807, Edition = , DateTime = 12/11/2025 12:53:01 PM, Namespace = AppCode.Test.Data, TargetPath = AppCode/Test/Data, ContentTypes = System.Collections.Generic.List`1[System.String] }
2025-12-11 12:53:33Z: Code generated. Generator: CSharpDataModelsGenerator v20.00.09 FileGeneratorSpecs { AppId = 1807, Edition = , DateTime = 12/11/2025 12:53:33 PM, Namespace = , TargetPath = , ContentTypes =  }
2025-12-11 12:55:00Z: Code generated. Generator: CSharpDataModelsGenerator v20.00.09 FileGeneratorSpecs { AppId = 1807, Edition = , DateTime = 12/11/2025 12:55:00 PM, Namespace = AppCode.Test.Data, TargetPath = AppCode/Test/Data, ContentTypes = System.Collections.Generic.List`1[System.String] }
2025-12-15 23:08:35Z: Code generated. Generator: CSharpDataModelsGenerator v20.00.10 FileGeneratorSpecs { AppId = 1807, Edition = , DateTime = 12/15/2025 11:08:35 PM, Namespace = AppCode.Test.Data, TargetPath = AppCode/Test/Data, ContentTypes = System.Collections.Generic.List`1[System.String] }
2026-01-26 06:57:11Z: Code generated. Generator: CSharpTypedDataModelsGenerator v21.00.03 FileGeneratorSpecs { AppId = 1807, Edition = , DateTime = 1/26/2026 6:57:11 AM, Namespace = , TargetPath = , ContentTypes =  }
2026-01-29 20:45:49Z: Code generated. Generator: CSharpCustomModelsGenerator v21.00.03 FileGeneratorSpecs { AppId = 1807, Edition = , DateTime = 1/29/2026 8:45:49 PM, Namespace = AppCode.Data, TargetPath = AppCode/Data, ContentTypes = System.Collections.Generic.List`1[System.String], Prefix = , Suffix = Model }
2026-02-04 18:12:17Z: Code generated. Generator: CSharpTypedDataModelsGenerator v21.02.00 FileGeneratorSpecs { AppId = 1807, Edition = , DateTime = 2/4/2026 6:12:17 PM, Namespace = , TargetPath = , ContentTypes = , Prefix = , Suffix =  }
2026-02-04 18:12:37Z: Code generated. Generator: CSharpTypedDataModelsGenerator v21.02.00 FileGeneratorSpecs { AppId = 1807, Edition = , DateTime = 2/4/2026 6:12:37 PM, Namespace = , TargetPath = , ContentTypes = , Prefix = , Suffix =  }
2026-02-04 18:43:44Z: Code generated. Generator: CSharpTypedDataModelsGenerator v21.02.00 FileGeneratorSpecs { AppId = 1807, Edition = , DateTime = 2/4/2026 6:43:44 PM, Namespace = , TargetPath = , ContentTypes = , Prefix = , Suffix =  }
2026-02-18 12:39:06Z: Code generated. Generator: CSharpCustomModelsGenerator v21.02.00 FileGeneratorSpecs { Configuration = 237134 QuotesModel, AppId = 1807, Edition = , DateTime = 2/18/2026 12:39:06 PM, Namespace = AppCode.Data, TargetPath = AppCode/Data, ContentTypes = System.Collections.Generic.List`1[System.String], Prefix = , Suffix = Model }
